<?xml version="1.0" encoding="UTF-8"?>
<!-- Generated by org.testng.reporters.JUnitXMLReporter -->
<testsuite ignored="0" hostname="Balaji" failures="0" tests="3" name="demo2" time="0.015" errors="0" timestamp="2021-05-22T21:16:57 IST">
  <testcase classname="com.demotest.Automation_demo" name="demo" time="0.001"/>
  <testcase classname="com.demotest.Automation_demo" name="demo1" time="0.002"/>
  <testcase classname="com.demotest.Automation_demo" name="demo2" time="0.002"/>
</testsuite> <!-- demo2 -->
